Info: Starting: Create block symbol file (.bsf)
Info: qsys-generate D:\fernando\fractal\fpu.qsys --block-symbol-file --output-directory=D:\fernando\fractal\fpu --family="MAX 10" --part=10M50DAF484C7G
Progress: Loading fractal/fpu.qsys
Progress: Reading input file
Progress: Adding nios_custom_instr_floating_point_2_combi_0 [altera_nios_custom_instr_floating_point_2_combi 18.1]
Progress: Parameterizing module nios_custom_instr_floating_point_2_combi_0
Progress: Building connections
Progress: Parameterizing connections
Progress: Validating
Progress: Done reading input file
Info: qsys-generate succeeded.
Info: Finished: Create block symbol file (.bsf)
Info: 
Info: Starting: Create HDL design files for synthesis
Info: qsys-generate D:\fernando\fractal\fpu.qsys --synthesis=VHDL --output-directory=D:\fernando\fractal\fpu\synthesis --family="MAX 10" --part=10M50DAF484C7G
Progress: Loading fractal/fpu.qsys
Progress: Reading input file
Progress: Adding nios_custom_instr_floating_point_2_combi_0 [altera_nios_custom_instr_floating_point_2_combi 18.1]
Progress: Parameterizing module nios_custom_instr_floating_point_2_combi_0
Progress: Building connections
Progress: Parameterizing connections
Progress: Validating
Progress: Done reading input file
Info: fpu: Generating fpu "fpu" for QUARTUS_SYNTH
Info: nios_custom_instr_floating_point_2_combi_0: "fpu" instantiated altera_nios_custom_instr_floating_point_2_combi "nios_custom_instr_floating_point_2_combi_0"
Info: fpu: Done "fpu" with 2 modules, 6 files
Info: qsys-generate succeeded.
Info: Finished: Create HDL design files for synthesis
